<?xml version="1.0" encoding="UTF-8"?>
<!-- Generated by org.testng.reporters.JUnitXMLReporter -->
<testsuite ignored="0" hostname="DESKTOP-6TV2UDH" failures="0" tests="9" name="Test" time="0.105" errors="0" timestamp="2022-08-29T16:00:01 IST">
  <testcase classname="Batch_execution_i_testNg.B" name="TC4" time="0.019"/>
  <testcase classname="Batch_execution_i_testNg.B" name="TC5" time="0.002"/>
  <testcase classname="Batch_execution_i_testNg.B" name="TC6" time="0.002"/>
  <testcase classname="Batch_execution_i_testNg.A" name="TC1" time="0.002"/>
  <testcase classname="Batch_execution_i_testNg.A" name="TC2" time="0.002"/>
  <testcase classname="Batch_execution_i_testNg.A" name="TC3" time="0.003"/>
  <testcase classname="Batch_execution_i_testNg.C" name="TC7" time="0.002"/>
  <testcase classname="Batch_execution_i_testNg.C" name="TC8" time="0.002"/>
  <testcase classname="Batch_execution_i_testNg.C" name="TC9" time="0.002"/>
</testsuite> <!-- Test -->
